This is pdfTeX, Version 3.1415926-1.40.11 (MiKTeX 2.9) (preloaded format=pdflatex 2023.1.14)  23 JUN 2023 09:19
entering extended mode
**resumevan.tex
("D:\chezeu article\model à patch\resumevan.tex"
LaTeX2e <2009/09/24>
Babel <v3.8l> and hyphenation patterns for english, afrikaans, ancientgreek, ar
abic, armenian, assamese, basque, bengali, bokmal, bulgarian, catalan, coptic, 
croatian, czech, danish, dutch, esperanto, estonian, farsi, finnish, french, ga
lician, german, german-x-2009-06-19, greek, gujarati, hindi, hungarian, iceland
ic, indonesian, interlingua, irish, italian, kannada, kurmanji, lao, latin, lat
vian, lithuanian, malayalam, marathi, mongolian, mongolianlmc, monogreek, ngerm
an, ngerman-x-2009-06-19, nynorsk, oriya, panjabi, pinyin, polish, portuguese, 
romanian, russian, sanskrit, serbian, slovak, slovenian, spanish, swedish, swis
sgerman, tamil, telugu, turkish, turkmen, ukenglish, ukrainian, uppersorbian, u
senglishmax, welsh, loaded.
("C:\Program Files (x86)\MiKTeX 2.9\tex\latex\base\article.cls"
Document Class: article 2007/10/19 v1.4h Standard LaTeX document class
("C:\Program Files (x86)\MiKTeX 2.9\tex\latex\base\size12.clo"
File: size12.clo 2007/10/19 v1.4h Standard LaTeX file (size option)
)
\c@part=\count79
\c@section=\count80
\c@subsection=\count81
\c@subsubsection=\count82
\c@paragraph=\count83
\c@subparagraph=\count84
\c@figure=\count85
\c@table=\count86
\abovecaptionskip=\skip41
\belowcaptionskip=\skip42
\bibindent=\dimen102
)
("C:\Program Files (x86)\MiKTeX 2.9\tex\latex\base\inputenc.sty"
Package: inputenc 2008/03/30 v1.1d Input encoding file
\inpenc@prehook=\toks14
\inpenc@posthook=\toks15

("C:\Program Files (x86)\MiKTeX 2.9\tex\latex\base\latin1.def"
File: latin1.def 2008/03/30 v1.1d Input encoding file
))
("C:\Program Files (x86)\MiKTeX 2.9\tex\latex\graphics\graphics.sty"
Package: graphics 2009/02/05 v1.0o Standard LaTeX Graphics (DPC,SPQR)

("C:\Program Files (x86)\MiKTeX 2.9\tex\latex\graphics\trig.sty"
Package: trig 1999/03/16 v1.09 sin cos tan (DPC)
)
("C:\Program Files (x86)\MiKTeX 2.9\tex\latex\00miktex\graphics.cfg"
File: graphics.cfg 2007/01/18 v1.5 graphics configuration of teTeX/TeXLive
)
Package graphics Info: Driver file: dvips.def on input line 91.

("C:\Program Files (x86)\MiKTeX 2.9\tex\latex\graphics\dvips.def"
File: dvips.def 1999/02/16 v3.0i Driver-dependant file (DPC,SPQR)
))
("C:\Program Files (x86)\MiKTeX 2.9\tex\latex\graphics\graphicx.sty"
Package: graphicx 1999/02/16 v1.0f Enhanced LaTeX Graphics (DPC,SPQR)

("C:\Program Files (x86)\MiKTeX 2.9\tex\latex\graphics\keyval.sty"
Package: keyval 1999/03/16 v1.13 key=value parser (DPC)
\KV@toks@=\toks16
)
\Gin@req@height=\dimen103
\Gin@req@width=\dimen104
)
("C:\Program Files (x86)\MiKTeX 2.9\tex\latex\graphics\epsfig.sty"
Package: epsfig 1999/02/16 v1.7a (e)psfig emulation (SPQR)
\epsfxsize=\dimen105
\epsfysize=\dimen106
)
("C:\Program Files (x86)\MiKTeX 2.9\tex\latex\ams\math\amsmath.sty"
Package: amsmath 2000/07/18 v2.13 AMS math features
\@mathmargin=\skip43

For additional information on amsmath, use the `?' option.
("C:\Program Files (x86)\MiKTeX 2.9\tex\latex\ams\math\amstext.sty"
Package: amstext 2000/06/29 v2.01

("C:\Program Files (x86)\MiKTeX 2.9\tex\latex\ams\math\amsgen.sty"
File: amsgen.sty 1999/11/30 v2.0
\@emptytoks=\toks17
\ex@=\dimen107
))
("C:\Program Files (x86)\MiKTeX 2.9\tex\latex\ams\math\amsbsy.sty"
Package: amsbsy 1999/11/29 v1.2d
\pmbraise@=\dimen108
)
("C:\Program Files (x86)\MiKTeX 2.9\tex\latex\ams\math\amsopn.sty"
Package: amsopn 1999/12/14 v2.01 operator names
)
\inf@bad=\count87
LaTeX Info: Redefining \frac on input line 211.
\uproot@=\count88
\leftroot@=\count89
LaTeX Info: Redefining \overline on input line 307.
\classnum@=\count90
\DOTSCASE@=\count91
LaTeX Info: Redefining \ldots on input line 379.
LaTeX Info: Redefining \dots on input line 382.
LaTeX Info: Redefining \cdots on input line 467.
\Mathstrutbox@=\box26
\strutbox@=\box27
\big@size=\dimen109
LaTeX Font Info:    Redeclaring font encoding OML on input line 567.
LaTeX Font Info:    Redeclaring font encoding OMS on input line 568.
\macc@depth=\count92
\c@MaxMatrixCols=\count93
\dotsspace@=\muskip10
\c@parentequation=\count94
\dspbrk@lvl=\count95
\tag@help=\toks18
\row@=\count96
\column@=\count97
\maxfields@=\count98
\andhelp@=\toks19
\eqnshift@=\dimen110
\alignsep@=\dimen111
\tagshift@=\dimen112
\tagwidth@=\dimen113
\totwidth@=\dimen114
\lineht@=\dimen115
\@envbody=\toks20
\multlinegap=\skip44
\multlinetaggap=\skip45
\mathdisplay@stack=\toks21
LaTeX Info: Redefining \[ on input line 2666.
LaTeX Info: Redefining \] on input line 2667.
)
("C:\Program Files (x86)\MiKTeX 2.9\tex\latex\amsfonts\amssymb.sty"
Package: amssymb 2009/06/22 v3.00

("C:\Program Files (x86)\MiKTeX 2.9\tex\latex\amsfonts\amsfonts.sty"
Package: amsfonts 2009/06/22 v3.00 Basic AMSFonts support
\symAMSa=\mathgroup4
\symAMSb=\mathgroup5
LaTeX Font Info:    Overwriting math alphabet `\mathfrak' in version `bold'
(Font)                  U/euf/m/n --> U/euf/b/n on input line 96.
))
("C:\Program Files (x86)\MiKTeX 2.9\tex\latex\base\latexsym.sty"
Package: latexsym 1998/08/17 v2.2e Standard LaTeX package (lasy symbols)
\symlasy=\mathgroup6
LaTeX Font Info:    Overwriting symbol font `lasy' in version `bold'
(Font)                  U/lasy/m/n --> U/lasy/b/n on input line 47.
)
("C:\Program Files (x86)\MiKTeX 2.9\tex\latex\ams\classes\amsthm.sty"
Package: amsthm 2004/08/06 v2.20
\thm@style=\toks22
\thm@bodyfont=\toks23
\thm@headfont=\toks24
\thm@notefont=\toks25
\thm@headpunct=\toks26
\thm@preskip=\skip46
\thm@postskip=\skip47
\thm@headsep=\skip48
\dth@everypar=\toks27
)
("C:\Program Files (x86)\MiKTeX 2.9\tex\latex\base\fontenc.sty"
Package: fontenc 2005/09/27 v1.99g Standard LaTeX package

("C:\Program Files (x86)\MiKTeX 2.9\tex\latex\base\t1enc.def"
File: t1enc.def 2005/09/27 v1.99g Standard LaTeX file
LaTeX Font Info:    Redeclaring font encoding T1 on input line 43.
))
("C:\Program Files (x86)\MiKTeX 2.9\tex\latex\ams\math\amscd.sty"
Package: amscd 1999/11/29 v2.0
\athelp@=\toks28
\minaw@=\dimen116
\bigaw@=\dimen117
\minCDarrowwidth=\dimen118
)
("C:\Program Files (x86)\MiKTeX 2.9\tex\latex\siunitx\siunitx.sty"
("C:\Program Files (x86)\MiKTeX 2.9\tex\latex\expl3\expl3.sty"
("C:\Program Files (x86)\MiKTeX 2.9\tex\latex\expl3\l3names.sty"
Package: l3names 2011/01/08 v2122 L3 Experimental Naming Scheme for TeX Primiti
ves
)
Package: expl3 2011/04/09 v2222 L3 Experimental code bundle wrapper

("C:\Program Files (x86)\MiKTeX 2.9\tex\latex\misc\etex.sty"
Package: etex 1998/03/26 v2.0 eTeX basic definition package (PEB)
\et@xins=\count99
)
("C:\Program Files (x86)\MiKTeX 2.9\tex\latex\expl3\l3basics.sty"
Package: l3basics 2011/04/23 v2246 L3 Experimental basic definitions
)
("C:\Program Files (x86)\MiKTeX 2.9\tex\latex\expl3\l3expan.sty"
Package: l3expan 2011/04/09 v2223 L3 Experimental Argument Expansion module
)
("C:\Program Files (x86)\MiKTeX 2.9\tex\latex\expl3\l3tl.sty"
Package: l3tl 2011/04/09 v2223 L3 Experimental Token Lists
)
("C:\Program Files (x86)\MiKTeX 2.9\tex\latex\expl3\l3int.sty"
Package: l3int 2011/04/11 v2229 L3 Experimental Integer module
\l_tmpa_int=\count100
\l_tmpb_int=\count101
\l_tmpc_int=\count102
\g_tmpa_int=\count103
\g_tmpb_int=\count104
\c_max_int=\count105
\g_tl_inline_level_int=\count106
\g_prg_inline_level_int=\count107
)
("C:\Program Files (x86)\MiKTeX 2.9\tex\latex\expl3\l3quark.sty"
Package: l3quark 2011/04/14 v2234 L3 Experimental Quark Commands
)
("C:\Program Files (x86)\MiKTeX 2.9\tex\latex\expl3\l3seq.sty"
Package: l3seq 2011/04/21 v2245 The LaTeX3 kernel: sequences and stacks
\g_seq_nesting_depth_int=\count108
)
("C:\Program Files (x86)\MiKTeX 2.9\tex\latex\expl3\l3toks.sty"
Package: l3toks 2011/04/09 v2223 L3 Experimental Token Registers
\l_tmpb_toks=\toks29
\l_tmpc_toks=\toks30
\g_tmpa_toks=\toks31
\g_tmpb_toks=\toks32
\g_tmpc_toks=\toks33
\c_empty_toks=\toks34
\l_tl_replace_toks=\toks35
)
("C:\Program Files (x86)\MiKTeX 2.9\tex\latex\expl3\l3prg.sty"
Package: l3prg 2011/04/09 v2223 L3 Experimental control structures
)
("C:\Program Files (x86)\MiKTeX 2.9\tex\latex\expl3\l3clist.sty"
Package: l3clist 2011/04/09 v2223 L3 Experimental comma separated lists
\g_clist_map_inline_int=\count109
)
("C:\Program Files (x86)\MiKTeX 2.9\tex\latex\expl3\l3token.sty"
Package: l3token 2011/04/09 v2223 L3 Experimental token investigation and manip
ulation
)
("C:\Program Files (x86)\MiKTeX 2.9\tex\latex\expl3\l3prop.sty"
Package: l3prop 2011/04/09 v2223 L3 Experimental Property Lists
\g_prop_inline_level_int=\count110
)
("C:\Program Files (x86)\MiKTeX 2.9\tex\latex\expl3\l3msg.sty"
Package: l3msg 2010/10/02 v2052 L3 Experimental LaTeX Messages module
\l_msg_redirect_classes_prop=\toks36
\l_msg_redirect_names_prop=\toks37
\l_msg_redirect_fatal_prop=\toks38
\l_msg_redirect_error_prop=\toks39
\l_msg_redirect_warning_prop=\toks40
\l_msg_redirect_info_prop=\toks41
\l_msg_redirect_log_prop=\toks42
\l_msg_redirect_trace_prop=\toks43
\l_msg_redirect_none_prop=\toks44
)
("C:\Program Files (x86)\MiKTeX 2.9\tex\latex\expl3\l3io.sty"
Package: l3io 2010/10/03 v2063 L3 Experimental i/o module
\g_iow_streams_prop=\toks45
\g_ior_streams_prop=\toks46
\l_iow_stream_int=\count111
)
("C:\Program Files (x86)\MiKTeX 2.9\tex\latex\expl3\l3skip.sty"
Package: l3skip 2011/02/15 v2149 L3 Experimental skip registers
\l_tmpa_skip=\skip49
\l_tmpb_skip=\skip50
\l_tmpc_skip=\skip51
\g_tmpa_skip=\skip52
\g_tmpb_skip=\skip53
\l_tmpa_dim=\dimen119
\l_tmpb_dim=\dimen120
\l_tmpc_dim=\dimen121
\l_tmpd_dim=\dimen122
\g_tmpa_dim=\dimen123
\g_tmpb_dim=\dimen124
)
("C:\Program Files (x86)\MiKTeX 2.9\tex\latex\expl3\l3box.sty"
Package: l3box 2011/04/09 v2223 L3 Experimental Box module
\l_tmpb_box=\box28
)
("C:\Program Files (x86)\MiKTeX 2.9\tex\latex\expl3\l3keyval.sty"
Package: l3keyval 2011/04/09 v2223 L3 Experimental keyval processing
\l_KV_level_int=\count112
)
("C:\Program Files (x86)\MiKTeX 2.9\tex\latex\expl3\l3keys.sty"
Package: l3keys 2010/11/11 v2082 L3 Experimental key-value support
\l_keys_choice_int=\count113
)
("C:\Program Files (x86)\MiKTeX 2.9\tex\latex\expl3\l3precom.sty"
Package: l3precom 2011/04/09 v2223 L3 Experimental precompilation module
\g_gen_sym_int=\count114
\g_ggen_sym_int=\count115
)
("C:\Program Files (x86)\MiKTeX 2.9\tex\latex\expl3\l3xref.sty"
Package: l3xref 2011/04/09 v2223 L3 Experimental cross referencing
\g_xref_all_curr_immediate_fields_prop=\toks47
\g_xref_all_curr_deferred_fields_prop=\toks48
)
("C:\Program Files (x86)\MiKTeX 2.9\tex\latex\expl3\l3file.sty"
Package: l3file 2011/04/21 v2242 The LaTeX3 kernel: file operations
)
("C:\Program Files (x86)\MiKTeX 2.9\tex\latex\expl3\l3fp.sty"
Package: l3fp 2011/03/19 v2201 L3 Experimental floating-point operations
\c_one_million=\count116
\c_one_hundred_million=\count117
\c_five_hundred_million=\count118
\c_one_thousand_million=\count119
\c_fp_pi_by_four_decimal_int=\count120
\c_fp_pi_by_four_extended_int=\count121
\c_fp_pi_decimal_int=\count122
\c_fp_pi_extended_int=\count123
\c_fp_two_pi_decimal_int=\count124
\c_fp_two_pi_extended_int=\count125
\l_fp_count_int=\count126
\l_fp_div_offset_int=\count127
\l_fp_exp_integer_int=\count128
\l_fp_exp_decimal_int=\count129
\l_fp_exp_extended_int=\count130
\l_fp_exp_exponent_int=\count131
\l_fp_input_a_sign_int=\count132
\l_fp_input_a_integer_int=\count133
\l_fp_input_a_decimal_int=\count134
\l_fp_input_a_exponent_int=\count135
\l_fp_input_b_sign_int=\count136
\l_fp_input_b_integer_int=\count137
\l_fp_input_b_decimal_int=\count138
\l_fp_input_b_exponent_int=\count139
\l_fp_input_a_extended_int=\count140
\l_fp_input_b_extended_int=\count141
\l_fp_mul_a_i_int=\count142
\l_fp_mul_a_ii_int=\count143
\l_fp_mul_a_iii_int=\count144
\l_fp_mul_a_iv_int=\count145
\l_fp_mul_a_v_int=\count146
\l_fp_mul_a_vi_int=\count147
\l_fp_mul_b_i_int=\count148
\l_fp_mul_b_ii_int=\count149
\l_fp_mul_b_iii_int=\count150
\l_fp_mul_b_iv_int=\count151
\l_fp_mul_b_v_int=\count152
\l_fp_mul_b_vi_int=\count153
\l_fp_mul_output_int=\count154
\l_fp_output_sign_int=\count155
\l_fp_output_integer_int=\count156
\l_fp_output_decimal_int=\count157
\l_fp_output_exponent_int=\count158
\l_fp_output_extended_int=\count159
\l_fp_round_position_int=\count160
\l_fp_round_target_int=\count161
\l_fp_split_sign_int=\count162
\l_fp_tmp_int=\count163
\l_fp_trig_octant_int=\count164
\l_fp_trig_sign_int=\count165
\l_fp_trig_decimal_int=\count166
\l_fp_trig_extended_int=\count167
\l_fp_tmp_dim=\dimen125
\l_fp_tmp_skip=\skip54
)
("C:\Program Files (x86)\MiKTeX 2.9\tex\latex\expl3\l3luatex.sty"
Package: l3luatex 2010/07/18 v1985 L3 Experimental LuaTeX functions
\g_cctab_allocate_int=\count168
\g_cctab_stack_int=\count169
)
("C:\Program Files (x86)\MiKTeX 2.9\tex\latex\tools\calc.sty"
Package: calc 2007/08/22 v4.3 Infix arithmetic (KKT,FJ)
\calc@Acount=\count170
\calc@Bcount=\count171
\calc@Adimen=\dimen126
\calc@Bdimen=\dimen127
\calc@Askip=\skip55
\calc@Bskip=\skip56
LaTeX Info: Redefining \setlength on input line 76.
LaTeX Info: Redefining \addtolength on input line 77.
\calc@Ccount=\count172
\calc@Cskip=\skip57
))
Package: siunitx 2011/04/28 v2.2d A comprehensive (SI) units package

("C:\Program Files (x86)\MiKTeX 2.9\tex\latex\xpackages\xbase\xparse.sty"
Package: xparse 2011/04/08 v2219 Generic document command parser
\c_xparse_shorthands_prop=\toks49
\l_xparse_m_args_int=\count173
\l_xparse_mandatory_args_int=\count174
\l_xparse_processor_int=\count175
\l_xparse_total_args_int=\count176
)
("C:\Program Files (x86)\MiKTeX 2.9\tex\latex\tools\array.sty"
Package: array 2008/09/09 v2.4c Tabular extension package (FMi)
\col@sep=\dimen128
\extrarowheight=\dimen129
\NC@list=\toks50
\extratabsurround=\skip58
\backup@length=\skip59
)
("C:\Program Files (x86)\MiKTeX 2.9\tex\latex\xpackages\xtras\l3keys2e.sty"
Package: l3keys2e 2010/10/13 v2076 Parsing LaTeX3 keyvals as LaTeX2e package op
tions
)
\l_siunitx_tmp_box=\box29
\l_siunitx_tmp_int=\count177
\l_siunitx_number_in_prop=\toks51
\l_siunitx_number_mantissa_length_int=\count178
\l_siunitx_number_uncert_length_int=\count179
\l_siunitx_round_int=\count180
\l_siunitx_process_decimal_int=\count181
\l_siunitx_process_uncertainty_int=\count182
\l_siunitx_process_fixed_int=\count183
\l_siunitx_process_integer_min_int=\count184
\l_siunitx_process_precision_int=\count185
\l_siunitx_number_out_prop=\toks52
\l_siunitx_angle_marker_box=\box30
\l_siunitx_angle_unit_box=\box31
\l_siunitx_angle_marker_dim=\dimen130
\l_siunitx_angle_unit_dim=\dimen131
\l_siunitx_angle_degree_prop=\toks53
\l_siunitx_angle_minute_prop=\toks54
\l_siunitx_angle_second_prop=\toks55
\l_siunitx_unit_int=\count186
\l_siunitx_unit_prop=\toks56
\l_siunitx_unit_denominator_int=\count187
\l_siunitx_unit_numerator_int=\count188
\l_siunitx_unit_prefix_int=\count189
\l_siunitx_unit_prefix_base_int=\count190
\l_siunitx_unit_prefix_gram_int=\count191
\l_siunitx_number_product_int=\count192
\c_siunitx_one_fill_skip=\skip60
\l_siunitx_table_unit_align_skip=\skip61
\l_siunitx_table_fill_box=\box32
\l_siunitx_table_fill_dim=\dimen132
\l_siunitx_table_pre_box=\box33
\l_siunitx_table_post_box=\box34
\l_siunitx_table_result_box=\box35
\l_siunitx_table_comparator_dim=\dimen133
\l_siunitx_table_decimal_dim=\dimen134
\l_siunitx_table_exponent_dim=\dimen135
\l_siunitx_table_integer_dim=\dimen136
\l_siunitx_table_mantissa_dim=\dimen137
\l_siunitx_table_marker_dim=\dimen138
\l_siunitx_table_result_dim=\dimen139
\l_siunitx_table_uncert_dim=\dimen140
\l_siunitx_table_gap_dim=\dimen141
\l_siunitx_table_model_prop=\toks57
\l_siunitx_table_space_dim=\dimen142
\l_siunitx_table_number_align_skip=\skip62
\l_siunitx_table_text_align_skip=\skip63
\l_siunitx_table_decimal_int=\count193
\l_siunitx_table_exponent_int=\count194
\l_siunitx_table_integer_int=\count195
\l_siunitx_table_uncert_int=\count196
 LaTeX info: Defining document command \DeclareBinaryPrefix
(LaTeX)  with arg. spec. 'mmm' on line 6790.

 LaTeX info: Defining document command \DeclareSIPostPower
(LaTeX)  with arg. spec. 'mm' on line 6793.

 LaTeX info: Defining document command \DeclareSIPrefix
(LaTeX)  with arg. spec. 'mmm' on line 6796.

 LaTeX info: Defining document command \DeclareSIPrePower
(LaTeX)  with arg. spec. 'mm' on line 6799.

 LaTeX info: Defining document command \DeclareSIQualifier
(LaTeX)  with arg. spec. 'mm' on line 6802.

 LaTeX info: Defining document command \DeclareSIUnit
(LaTeX)  with arg. spec. 'O{}mm' on line 6805.

 LaTeX info: Defining document command \DeclareSIUnitWithOptions
(LaTeX)  with arg. spec. 'mmm' on line 6808.

 LaTeX info: Defining document command \ang
(LaTeX)  with arg. spec. 'o>{\SplitArgument {2}{;}}m' on line 6823.

 LaTeX info: Defining document command \num
(LaTeX)  with arg. spec. 'om' on line 6830.

 LaTeX info: Defining document command \numlist
(LaTeX)  with arg. spec. 'o>{\SplitList {;}}m' on line 6837.

 LaTeX info: Defining document command \numrange
(LaTeX)  with arg. spec. 'omm' on line 6844.

 LaTeX info: Defining document command \SIlist
(LaTeX)  with arg. spec. 'o>{\SplitList {;}}mm' on line 6854.

 LaTeX info: Defining document command \SIrange
(LaTeX)  with arg. spec. 'ommm' on line 6864.

 LaTeX info: Defining document command \SI
(LaTeX)  with arg. spec. 'omom' on line 6874.

 LaTeX info: Defining document command \sisetup
(LaTeX)  with arg. spec. 'm' on line 6877.

 LaTeX info: Defining document command \tablenum
(LaTeX)  with arg. spec. 'om' on line 6884.

 LaTeX info: Defining document command \si
(LaTeX)  with arg. spec. 'om' on line 6894.

 LaTeX info: Defining document command \siunitx_bookmark_num:w
(LaTeX)  with arg. spec. 'om' on line 6931.

 LaTeX info: Defining document command \siunitx_bookmark_numrange:w
(LaTeX)  with arg. spec. 'omm' on line 6933.

 LaTeX info: Defining document command \siunitx_bookmark_SI:w
(LaTeX)  with arg. spec. 'omom' on line 6935.

 LaTeX info: Defining document command \siunitx_bookmark_SIlist:w
(LaTeX)  with arg. spec. 'omm' on line 6937.

 LaTeX info: Defining document command \siunitx_bookmark_SIrange:w
(LaTeX)  with arg. spec. 'ommm' on line 6939.

 LaTeX info: Defining document command \siunitx_bookmark_si:w
(LaTeX)  with arg. spec. 'om' on line 6940.

\g_ior_tmp_stream=\read1

("C:\Program Files (x86)\MiKTeX 2.9\tex\latex\beamer\base\translator\translator
.sty"
Package: translator 2010/06/12 ver 1.10

("C:\Program Files (x86)\MiKTeX 2.9\tex\latex\beamer\base\translator\translator
-language-mappings.tex")))
("C:\Program Files (x86)\MiKTeX 2.9\tex\latex\graphics\color.sty"
Package: color 2005/11/14 v1.0j Standard LaTeX Color (DPC)

("C:\Program Files (x86)\MiKTeX 2.9\tex\latex\00miktex\color.cfg"
File: color.cfg 2007/01/18 v1.5 color configuration of teTeX/TeXLive
)
Package color Info: Driver file: pdftex.def on input line 130.

("C:\Program Files (x86)\MiKTeX 2.9\tex\latex\pdftex-def\pdftex.def"
File: pdftex.def 2011/04/25 v0.06b Graphics/color for pdfTeX

("C:\Program Files (x86)\MiKTeX 2.9\tex\generic\oberdiek\infwarerr.sty"
Package: infwarerr 2010/04/08 v1.3 Providing info/warning/message (HO)
)
("C:\Program Files (x86)\MiKTeX 2.9\tex\generic\oberdiek\ltxcmds.sty"
Package: ltxcmds 2011/04/18 v1.20 LaTeX kernel commands for general use (HO)
)
\Gread@gobject=\count197
))
("C:\Program Files (x86)\MiKTeX 2.9\tex\latex\here\here.sty")
("C:\Program Files (x86)\MiKTeX 2.9\tex\latex\float\float.sty"
Package: float 2001/11/08 v1.3d Float enhancements (AL)
\c@float@type=\count198
\float@exts=\toks58
\float@box=\box36
\@float@everytoks=\toks59
\@floatcapt=\box37
)
("C:\Program Files (x86)\MiKTeX 2.9\tex\latex\pgf\frontendlayer\tikz.sty"
("C:\Program Files (x86)\MiKTeX 2.9\tex\latex\pgf\basiclayer\pgf.sty"
("C:\Program Files (x86)\MiKTeX 2.9\tex\latex\pgf\utilities\pgfrcs.sty"
("C:\Program Files (x86)\MiKTeX 2.9\tex\generic\pgf\utilities\pgfutil-common.te
x"
\pgfutil@everybye=\toks60
)
("C:\Program Files (x86)\MiKTeX 2.9\tex\generic\pgf\utilities\pgfutil-latex.def
"
\pgfutil@abb=\box38
 ("C:\Program Files (x86)\MiKTeX 2.9\tex\latex\ms\everyshi.sty"
Package: everyshi 2001/05/15 v3.00 EveryShipout Package (MS)
))
("C:\Program Files (x86)\MiKTeX 2.9\tex\generic\pgf\utilities\pgfrcs.code.tex"
Package: pgfrcs 2010/10/25 v2.10 (rcs-revision 1.24)
))
Package: pgf 2008/01/15 v2.10 (rcs-revision 1.12)
 ("C:\Program Files (x86)\MiKTeX 2.9\tex\latex\pgf\basiclayer\pgfcore.sty"
("C:\Program Files (x86)\MiKTeX 2.9\tex\latex\pgf\systemlayer\pgfsys.sty"
("C:\Program Files (x86)\MiKTeX 2.9\tex\generic\pgf\systemlayer\pgfsys.code.tex
"
Package: pgfsys 2010/06/30 v2.10 (rcs-revision 1.37)
 ("C:\Program Files (x86)\MiKTeX 2.9\tex\generic\pgf\utilities\pgfkeys.code.tex
"
\pgfkeys@pathtoks=\toks61
\pgfkeys@temptoks=\toks62

("C:\Program Files (x86)\MiKTeX 2.9\tex\generic\pgf\utilities\pgfkeysfiltered.c
ode.tex"
\pgfkeys@tmptoks=\toks63
))
\pgf@x=\dimen143
\pgf@y=\dimen144
\pgf@xa=\dimen145
\pgf@ya=\dimen146
\pgf@xb=\dimen147
\pgf@yb=\dimen148
\pgf@xc=\dimen149
\pgf@yc=\dimen150
\w@pgf@writea=\write3
\r@pgf@reada=\read2
\c@pgf@counta=\count199
\c@pgf@countb=\count200
\c@pgf@countc=\count201
Normal \count register pool exhausted, switching to extended pool.
\c@pgf@countd=\count277

("C:\Program Files (x86)\MiKTeX 2.9\tex\generic\pgf\systemlayer\pgf.cfg"
File: pgf.cfg 2008/05/14  (rcs-revision 1.7)
)
Package pgfsys Info: Driver file for pgf: pgfsys-pdftex.def on input line 900.

("C:\Program Files (x86)\MiKTeX 2.9\tex\generic\pgf\systemlayer\pgfsys-pdftex.d
ef"
File: pgfsys-pdftex.def 2009/05/22  (rcs-revision 1.26)

("C:\Program Files (x86)\MiKTeX 2.9\tex\generic\pgf\systemlayer\pgfsys-common-p
df.def"
File: pgfsys-common-pdf.def 2008/05/19  (rcs-revision 1.10)
)))
("C:\Program Files (x86)\MiKTeX 2.9\tex\generic\pgf\systemlayer\pgfsyssoftpath.
code.tex"
File: pgfsyssoftpath.code.tex 2008/07/18  (rcs-revision 1.7)
\pgfsyssoftpath@smallbuffer@items=\count278
\pgfsyssoftpath@bigbuffer@items=\count279
)
("C:\Program Files (x86)\MiKTeX 2.9\tex\generic\pgf\systemlayer\pgfsysprotocol.
code.tex"
File: pgfsysprotocol.code.tex 2006/10/16  (rcs-revision 1.4)
)) ("C:\Program Files (x86)\MiKTeX 2.9\tex\latex\xcolor\xcolor.sty"
Package: xcolor 2007/01/21 v2.11 LaTeX color extensions (UK)

("C:\Program Files (x86)\MiKTeX 2.9\tex\latex\00miktex\color.cfg"
File: color.cfg 2007/01/18 v1.5 color configuration of teTeX/TeXLive
)
Package xcolor Info: Driver file: pdftex.def on input line 225.
LaTeX Info: Redefining \color on input line 702.
Package xcolor Info: Model `cmy' substituted by `cmy0' on input line 1337.
Package xcolor Info: Model `RGB' extended on input line 1353.
Package xcolor Info: Model `HTML' substituted by `rgb' on input line 1355.
Package xcolor Info: Model `Hsb' substituted by `hsb' on input line 1356.
Package xcolor Info: Model `tHsb' substituted by `hsb' on input line 1357.
Package xcolor Info: Model `HSB' substituted by `hsb' on input line 1358.
Package xcolor Info: Model `Gray' substituted by `gray' on input line 1359.
Package xcolor Info: Model `wave' substituted by `hsb' on input line 1360.
)
("C:\Program Files (x86)\MiKTeX 2.9\tex\generic\pgf\basiclayer\pgfcore.code.tex
"
Package: pgfcore 2010/04/11 v2.10 (rcs-revision 1.7)
 ("C:\Program Files (x86)\MiKTeX 2.9\tex\generic\pgf\math\pgfmath.code.tex"
("C:\Program Files (x86)\MiKTeX 2.9\tex\generic\pgf\math\pgfmathcalc.code.tex"
("C:\Program Files (x86)\MiKTeX 2.9\tex\generic\pgf\math\pgfmathutil.code.tex")
("C:\Program Files (x86)\MiKTeX 2.9\tex\generic\pgf\math\pgfmathparser.code.tex
"
\pgfmath@dimen=\dimen151
\pgfmath@count=\count280
\pgfmath@box=\box39
\pgfmath@toks=\toks64
\pgfmath@stack@operand=\toks65
\pgfmath@stack@operation=\toks66
)
("C:\Program Files (x86)\MiKTeX 2.9\tex\generic\pgf\math\pgfmathfunctions.code.
tex"
("C:\Program Files (x86)\MiKTeX 2.9\tex\generic\pgf\math\pgfmathfunctions.basic
.code.tex")
("C:\Program Files (x86)\MiKTeX 2.9\tex\generic\pgf\math\pgfmathfunctions.trigo
nometric.code.tex")
("C:\Program Files (x86)\MiKTeX 2.9\tex\generic\pgf\math\pgfmathfunctions.rando
m.code.tex")
("C:\Program Files (x86)\MiKTeX 2.9\tex\generic\pgf\math\pgfmathfunctions.compa
rison.code.tex")
("C:\Program Files (x86)\MiKTeX 2.9\tex\generic\pgf\math\pgfmathfunctions.base.
code.tex")
("C:\Program Files (x86)\MiKTeX 2.9\tex\generic\pgf\math\pgfmathfunctions.round
.code.tex")
("C:\Program Files (x86)\MiKTeX 2.9\tex\generic\pgf\math\pgfmathfunctions.misc.
code.tex")))
("C:\Program Files (x86)\MiKTeX 2.9\tex\generic\pgf\math\pgfmathfloat.code.tex"
\c@pgfmathroundto@lastzeros=\count281
))
("C:\Program Files (x86)\MiKTeX 2.9\tex\generic\pgf\basiclayer\pgfcorepoints.co
de.tex"
File: pgfcorepoints.code.tex 2010/04/09  (rcs-revision 1.20)
\pgf@picminx=\dimen152
\pgf@picmaxx=\dimen153
\pgf@picminy=\dimen154
\pgf@picmaxy=\dimen155
\pgf@pathminx=\dimen156
\pgf@pathmaxx=\dimen157
\pgf@pathminy=\dimen158
\pgf@pathmaxy=\dimen159
\pgf@xx=\dimen160
\pgf@xy=\dimen161
\pgf@yx=\dimen162
\pgf@yy=\dimen163
\pgf@zx=\dimen164
\pgf@zy=\dimen165
)
("C:\Program Files (x86)\MiKTeX 2.9\tex\generic\pgf\basiclayer\pgfcorepathconst
ruct.code.tex"
File: pgfcorepathconstruct.code.tex 2010/08/03  (rcs-revision 1.24)
\pgf@path@lastx=\dimen166
\pgf@path@lasty=\dimen167
)
("C:\Program Files (x86)\MiKTeX 2.9\tex\generic\pgf\basiclayer\pgfcorepathusage
.code.tex"
File: pgfcorepathusage.code.tex 2008/04/22  (rcs-revision 1.12)
\pgf@shorten@end@additional=\dimen168
\pgf@shorten@start@additional=\dimen169
)
("C:\Program Files (x86)\MiKTeX 2.9\tex\generic\pgf\basiclayer\pgfcorescopes.co
de.tex"
File: pgfcorescopes.code.tex 2010/09/08  (rcs-revision 1.34)
\pgfpic=\box40
\pgf@hbox=\box41
\pgf@layerbox@main=\box42
\pgf@picture@serial@count=\count282
)
("C:\Program Files (x86)\MiKTeX 2.9\tex\generic\pgf\basiclayer\pgfcoregraphicst
ate.code.tex"
File: pgfcoregraphicstate.code.tex 2008/04/22  (rcs-revision 1.9)
\pgflinewidth=\dimen170
)
("C:\Program Files (x86)\MiKTeX 2.9\tex\generic\pgf\basiclayer\pgfcoretransform
ations.code.tex"
File: pgfcoretransformations.code.tex 2009/06/10  (rcs-revision 1.11)
\pgf@pt@x=\dimen171
\pgf@pt@y=\dimen172
\pgf@pt@temp=\dimen173
)
("C:\Program Files (x86)\MiKTeX 2.9\tex\generic\pgf\basiclayer\pgfcorequick.cod
e.tex"
File: pgfcorequick.code.tex 2008/10/09  (rcs-revision 1.3)
)
("C:\Program Files (x86)\MiKTeX 2.9\tex\generic\pgf\basiclayer\pgfcoreobjects.c
ode.tex"
File: pgfcoreobjects.code.tex 2006/10/11  (rcs-revision 1.2)
)
("C:\Program Files (x86)\MiKTeX 2.9\tex\generic\pgf\basiclayer\pgfcorepathproce
ssing.code.tex"
File: pgfcorepathprocessing.code.tex 2008/10/09  (rcs-revision 1.8)
)
("C:\Program Files (x86)\MiKTeX 2.9\tex\generic\pgf\basiclayer\pgfcorearrows.co
de.tex"
File: pgfcorearrows.code.tex 2008/04/23  (rcs-revision 1.11)
)
("C:\Program Files (x86)\MiKTeX 2.9\tex\generic\pgf\basiclayer\pgfcoreshade.cod
e.tex"
File: pgfcoreshade.code.tex 2008/11/23  (rcs-revision 1.13)
\pgf@max=\dimen174
\pgf@sys@shading@range@num=\count283
)
("C:\Program Files (x86)\MiKTeX 2.9\tex\generic\pgf\basiclayer\pgfcoreimage.cod
e.tex"
File: pgfcoreimage.code.tex 2010/03/25  (rcs-revision 1.16)

("C:\Program Files (x86)\MiKTeX 2.9\tex\generic\pgf\basiclayer\pgfcoreexternal.
code.tex"
File: pgfcoreexternal.code.tex 2010/09/01  (rcs-revision 1.17)
\pgfexternal@startupbox=\box43
))
("C:\Program Files (x86)\MiKTeX 2.9\tex\generic\pgf\basiclayer\pgfcorelayers.co
de.tex"
File: pgfcorelayers.code.tex 2010/08/27  (rcs-revision 1.2)
)
("C:\Program Files (x86)\MiKTeX 2.9\tex\generic\pgf\basiclayer\pgfcoretranspare
ncy.code.tex"
File: pgfcoretransparency.code.tex 2008/01/17  (rcs-revision 1.2)
)
("C:\Program Files (x86)\MiKTeX 2.9\tex\generic\pgf\basiclayer\pgfcorepatterns.
code.tex"
File: pgfcorepatterns.code.tex 2009/07/02  (rcs-revision 1.3)
)))
("C:\Program Files (x86)\MiKTeX 2.9\tex\generic\pgf\modules\pgfmoduleshapes.cod
e.tex"
File: pgfmoduleshapes.code.tex 2010/09/09  (rcs-revision 1.13)
\pgfnodeparttextbox=\box44
)
("C:\Program Files (x86)\MiKTeX 2.9\tex\generic\pgf\modules\pgfmoduleplot.code.
tex"
File: pgfmoduleplot.code.tex 2010/10/22  (rcs-revision 1.8)
)
("C:\Program Files (x86)\MiKTeX 2.9\tex\latex\pgf\compatibility\pgfcomp-version
-0-65.sty"
Package: pgfcomp-version-0-65 2007/07/03 v2.10 (rcs-revision 1.7)
\pgf@nodesepstart=\dimen175
\pgf@nodesepend=\dimen176
)
("C:\Program Files (x86)\MiKTeX 2.9\tex\latex\pgf\compatibility\pgfcomp-version
-1-18.sty"
Package: pgfcomp-version-1-18 2007/07/23 v2.10 (rcs-revision 1.1)
))
("C:\Program Files (x86)\MiKTeX 2.9\tex\latex\pgf\utilities\pgffor.sty"
("C:\Program Files (x86)\MiKTeX 2.9\tex\latex\pgf\utilities\pgfkeys.sty"
("C:\Program Files (x86)\MiKTeX 2.9\tex\generic\pgf\utilities\pgfkeys.code.tex"
)) ("C:\Program Files (x86)\MiKTeX 2.9\tex\generic\pgf\utilities\pgffor.code.te
x"
Package: pgffor 2010/03/23 v2.10 (rcs-revision 1.18)
\pgffor@iter=\dimen177
\pgffor@skip=\dimen178
\pgffor@stack=\toks67
\pgffor@toks=\toks68
))
("C:\Program Files (x86)\MiKTeX 2.9\tex\generic\pgf\frontendlayer\tikz\tikz.cod
e.tex"
Package: tikz 2010/10/13 v2.10 (rcs-revision 1.76)

("C:\Program Files (x86)\MiKTeX 2.9\tex\generic\pgf\libraries\pgflibraryplothan
dlers.code.tex"
File: pgflibraryplothandlers.code.tex 2010/05/31 v2.10 (rcs-revision 1.15)
\pgf@plot@mark@count=\count284
\pgfplotmarksize=\dimen179
)
\tikz@lastx=\dimen180
\tikz@lasty=\dimen181
\tikz@lastxsaved=\dimen182
\tikz@lastysaved=\dimen183
\tikzleveldistance=\dimen184
\tikzsiblingdistance=\dimen185
\tikz@figbox=\box45
\tikz@tempbox=\box46
\tikztreelevel=\count285
\tikznumberofchildren=\count286
\tikznumberofcurrentchild=\count287
\tikz@fig@count=\count288

("C:\Program Files (x86)\MiKTeX 2.9\tex\generic\pgf\modules\pgfmodulematrix.cod
e.tex"
File: pgfmodulematrix.code.tex 2010/08/24  (rcs-revision 1.4)
\pgfmatrixcurrentrow=\count289
\pgfmatrixcurrentcolumn=\count290
\pgf@matrix@numberofcolumns=\count291
)
\tikz@expandcount=\count292

("C:\Program Files (x86)\MiKTeX 2.9\tex\generic\pgf\frontendlayer\tikz\librarie
s\tikzlibrarytopaths.code.tex"
File: tikzlibrarytopaths.code.tex 2008/06/17 v2.10 (rcs-revision 1.2)
)))
("C:\Program Files (x86)\MiKTeX 2.9\tex\latex\hyperref\hyperref.sty"
Package: hyperref 2011/04/17 v6.82g Hypertext links for LaTeX

("C:\Program Files (x86)\MiKTeX 2.9\tex\generic\oberdiek\hobsub-hyperref.sty"
Package: hobsub-hyperref 2011/04/23 v1.4 Bundle oberdiek, subset hyperref (HO)

("C:\Program Files (x86)\MiKTeX 2.9\tex\generic\oberdiek\hobsub-generic.sty"
Package: hobsub-generic 2011/04/23 v1.4 Bundle oberdiek, subset generic (HO)
Package: hobsub 2011/04/23 v1.4 Subsetting bundle oberdiek (HO)
Package hobsub Info: Skipping package `infwarerr' (already loaded).
Package hobsub Info: Skipping package `ltxcmds' (already loaded).
Package: ifluatex 2010/03/01 v1.3 Provides the ifluatex switch (HO)
Package ifluatex Info: LuaTeX not detected.
Package: ifvtex 2010/03/01 v1.5 Switches for detecting VTeX and its modes (HO)
Package ifvtex Info: VTeX not detected.
Package: intcalc 2007/09/27 v1.1 Expandable integer calculations (HO)
Package: ifpdf 2011/01/30 v2.3 Provides the ifpdf switch (HO)
Package ifpdf Info: pdfTeX in PDF mode is detected.
Package: etexcmds 2011/02/16 v1.5 Prefix for e-TeX command names (HO)
Package etexcmds Info: Could not find \expanded.
(etexcmds)             That can mean that you are not using pdfTeX 1.50 or
(etexcmds)             that some package has redefined \expanded.
(etexcmds)             In the latter case, load this package earlier.
Package: kvsetkeys 2011/04/07 v1.13 Key value parser (HO)
Package: kvdefinekeys 2011/04/07 v1.3 Defining keys (HO)
Package: pdftexcmds 2011/04/22 v0.16 Utilities of pdfTeX for LuaTeX (HO)
Package pdftexcmds Info: LuaTeX not detected.
Package pdftexcmds Info: \pdf@primitive is available.
Package pdftexcmds Info: \pdf@ifprimitive is available.
Package pdftexcmds Info: \pdfdraftmode found.
Package: pdfescape 2011/04/04 v1.12 Provides string conversions (HO)
Package: bigintcalc 2011/01/30 v1.2 Expandable big integer calculations (HO)
Package: bitset 2011/01/30 v1.1 Data type bit set (HO)
Package: uniquecounter 2011/01/30 v1.2 Provides unlimited unique counter (HO)
)
Package hobsub Info: Skipping package `hobsub' (already loaded).
Package: letltxmacro 2010/09/02 v1.4 Let assignment for LaTeX macros (HO)
Package: hopatch 2011/01/30 v1.0 Wrapper for package hooks (HO)
Package: xcolor-patch 2011/01/30 xcolor patch
Package: atveryend 2011/04/23 v1.7 Hooks at very end of document (HO)
Package atveryend Info: \enddocument detected (standard).
Package: atbegshi 2011/01/30 v1.15 At begin shipout hook (HO)
Package: refcount 2010/12/01 v3.2 Data extraction from references (HO)
Package: hycolor 2011/01/30 v1.7 Color options of hyperref/bookmark (HO)
)
("C:\Program Files (x86)\MiKTeX 2.9\tex\generic\ifxetex\ifxetex.sty"
Package: ifxetex 2010/09/12 v0.6 Provides ifxetex conditional
)
("C:\Program Files (x86)\MiKTeX 2.9\tex\latex\oberdiek\kvoptions.sty"
Package: kvoptions 2010/12/23 v3.10 Keyval support for LaTeX options (HO)
)
\@linkdim=\dimen186
\Hy@linkcounter=\count293
\Hy@pagecounter=\count294

("C:\Program Files (x86)\MiKTeX 2.9\tex\latex\hyperref\pd1enc.def"
File: pd1enc.def 2011/04/17 v6.82g Hyperref: PDFDocEncoding definition (HO)
)
\Hy@SavedSpaceFactor=\count295

("C:\Program Files (x86)\MiKTeX 2.9\tex\latex\00miktex\hyperref.cfg"
File: hyperref.cfg 2002/06/06 v1.2 hyperref configuration of TeXLive
)
Package hyperref Info: Option `colorlinks' set `true' on input line 3905.
Package hyperref Info: Hyper figures OFF on input line 4026.
Package hyperref Info: Link nesting OFF on input line 4031.
Package hyperref Info: Hyper index ON on input line 4034.
Package hyperref Info: Plain pages OFF on input line 4041.
Package hyperref Info: Backreferencing OFF on input line 4046.
Package hyperref Info: Implicit mode ON; LaTeX internals redefined.
Package hyperref Info: Bookmarks ON on input line 4264.
\c@Hy@tempcnt=\count296

("C:\Program Files (x86)\MiKTeX 2.9\tex\latex\ltxmisc\url.sty"
\Urlmuskip=\muskip11
Package: url 2006/04/12  ver 3.3  Verb mode for urls, etc.
)
LaTeX Info: Redefining \url on input line 4617.
\Fld@menulength=\count297
\Field@Width=\dimen187
\Fld@charsize=\dimen188
Package hyperref Info: Hyper figures OFF on input line 5701.
Package hyperref Info: Link nesting OFF on input line 5706.
Package hyperref Info: Hyper index ON on input line 5709.
Package hyperref Info: backreferencing OFF on input line 5716.
Package hyperref Info: Link coloring ON on input line 5719.
Package hyperref Info: Link coloring with OCG OFF on input line 5726.
Package hyperref Info: PDF/A mode OFF on input line 5731.
LaTeX Info: Redefining \ref on input line 5771.
LaTeX Info: Redefining \pageref on input line 5775.
\Hy@abspage=\count298
\c@Item=\count299
\c@Hfootnote=\count300
)

Package hyperref Message: Driver (autodetected): hpdftex.

("C:\Program Files (x86)\MiKTeX 2.9\tex\latex\hyperref\hpdftex.def"
File: hpdftex.def 2011/04/17 v6.82g Hyperref driver for pdfTeX
\Fld@listcount=\count301
\c@bookmark@seq@number=\count302

("C:\Program Files (x86)\MiKTeX 2.9\tex\latex\oberdiek\rerunfilecheck.sty"
Package: rerunfilecheck 2011/04/15 v1.7 Rerun checks for auxiliary files (HO)
Package uniquecounter Info: New unique counter `rerunfilecheck' on input line 2
82.
)
\Hy@SectionHShift=\skip64
)
("C:\Program Files (x86)\MiKTeX 2.9\tex\latex\subeqnarray\subeqnarray.sty"
Package: subeqnarray 2004/04/15 v2.1c subeqnarray package
\c@subequation=\count303
)
("C:\Program Files (x86)\MiKTeX 2.9\tex\latex\eqnarray\eqnarray.sty"
equationarray 1.3 <December 1, 2010>
Package: eqnarray 
\@eqargcnt=\count304
) ("C:\Program Files (x86)\MiKTeX 2.9\tex\latex\pxfonts\pxfonts.sty"
Package: pxfonts 2008/01/22 v1.1.1
LaTeX Font Info:    Redeclaring symbol font `operators' on input line 21.
LaTeX Font Info:    Overwriting symbol font `operators' in version `normal'
(Font)                  OT1/cmr/m/n --> OT1/pxr/m/n on input line 21.
LaTeX Font Info:    Overwriting symbol font `operators' in version `bold'
(Font)                  OT1/cmr/bx/n --> OT1/pxr/m/n on input line 21.
LaTeX Font Info:    Overwriting symbol font `operators' in version `bold'
(Font)                  OT1/pxr/m/n --> OT1/pxr/bx/n on input line 22.
\symitalic=\mathgroup7
LaTeX Font Info:    Overwriting symbol font `italic' in version `bold'
(Font)                  OT1/pxr/m/it --> OT1/pxr/bx/it on input line 26.
LaTeX Font Info:    Redeclaring math alphabet \mathbf on input line 29.
LaTeX Font Info:    Overwriting math alphabet `\mathbf' in version `normal'
(Font)                  OT1/cmr/bx/n --> OT1/pxr/bx/n on input line 29.
LaTeX Font Info:    Overwriting math alphabet `\mathbf' in version `bold'
(Font)                  OT1/cmr/bx/n --> OT1/pxr/bx/n on input line 29.
LaTeX Font Info:    Redeclaring math alphabet \mathit on input line 30.
LaTeX Font Info:    Overwriting math alphabet `\mathit' in version `normal'
(Font)                  OT1/cmr/m/it --> OT1/pxr/m/it on input line 30.
LaTeX Font Info:    Overwriting math alphabet `\mathit' in version `bold'
(Font)                  OT1/cmr/bx/it --> OT1/pxr/m/it on input line 30.
LaTeX Font Info:    Overwriting math alphabet `\mathit' in version `bold'
(Font)                  OT1/pxr/m/it --> OT1/pxr/bx/it on input line 31.
LaTeX Font Info:    Redeclaring math alphabet \mathsf on input line 40.
LaTeX Font Info:    Overwriting math alphabet `\mathsf' in version `normal'
(Font)                  OT1/cmss/m/n --> OT1/pxss/m/n on input line 40.
LaTeX Font Info:    Overwriting math alphabet `\mathsf' in version `bold'
(Font)                  OT1/cmss/bx/n --> OT1/pxss/m/n on input line 40.
LaTeX Font Info:    Overwriting math alphabet `\mathsf' in version `bold'
(Font)                  OT1/pxss/m/n --> OT1/pxss/b/n on input line 41.
LaTeX Font Info:    Redeclaring math alphabet \mathtt on input line 50.
LaTeX Font Info:    Overwriting math alphabet `\mathtt' in version `normal'
(Font)                  OT1/cmtt/m/n --> OT1/pxtt/m/n on input line 50.
LaTeX Font Info:    Overwriting math alphabet `\mathtt' in version `bold'
(Font)                  OT1/cmtt/m/n --> OT1/pxtt/m/n on input line 50.
LaTeX Font Info:    Overwriting math alphabet `\mathtt' in version `bold'
(Font)                  OT1/pxtt/m/n --> OT1/pxtt/b/n on input line 51.
LaTeX Font Info:    Redeclaring symbol font `letters' on input line 58.
LaTeX Font Info:    Overwriting symbol font `letters' in version `normal'
(Font)                  OML/cmm/m/it --> OML/pxmi/m/it on input line 58.
LaTeX Font Info:    Overwriting symbol font `letters' in version `bold'
(Font)                  OML/cmm/b/it --> OML/pxmi/m/it on input line 58.
LaTeX Font Info:    Overwriting symbol font `letters' in version `bold'
(Font)                  OML/pxmi/m/it --> OML/pxmi/bx/it on input line 59.
\symlettersA=\mathgroup8
LaTeX Font Info:    Overwriting symbol font `lettersA' in version `bold'
(Font)                  U/pxmia/m/it --> U/pxmia/bx/it on input line 67.
LaTeX Font Info:    Redeclaring math alphabet \mathfrak on input line 70.
LaTeX Font Info:    Redeclaring symbol font `symbols' on input line 77.
LaTeX Font Info:    Overwriting symbol font `symbols' in version `normal'
(Font)                  OMS/cmsy/m/n --> OMS/pxsy/m/n on input line 77.
LaTeX Font Info:    Overwriting symbol font `symbols' in version `bold'
(Font)                  OMS/cmsy/b/n --> OMS/pxsy/m/n on input line 77.
LaTeX Font Info:    Overwriting symbol font `symbols' in version `bold'
(Font)                  OMS/pxsy/m/n --> OMS/pxsy/bx/n on input line 78.
LaTeX Font Info:    Redeclaring symbol font `AMSa' on input line 93.
LaTeX Font Info:    Overwriting symbol font `AMSa' in version `normal'
(Font)                  U/msa/m/n --> U/pxsya/m/n on input line 93.
LaTeX Font Info:    Overwriting symbol font `AMSa' in version `bold'
(Font)                  U/msa/m/n --> U/pxsya/m/n on input line 93.
LaTeX Font Info:    Overwriting symbol font `AMSa' in version `bold'
(Font)                  U/pxsya/m/n --> U/pxsya/bx/n on input line 94.
LaTeX Font Info:    Redeclaring symbol font `AMSb' on input line 102.
LaTeX Font Info:    Overwriting symbol font `AMSb' in version `normal'
(Font)                  U/msb/m/n --> U/pxsyb/m/n on input line 102.
LaTeX Font Info:    Overwriting symbol font `AMSb' in version `bold'
(Font)                  U/msb/m/n --> U/pxsyb/m/n on input line 102.
LaTeX Font Info:    Overwriting symbol font `AMSb' in version `bold'
(Font)                  U/pxsyb/m/n --> U/pxsyb/bx/n on input line 103.
\symsymbolsC=\mathgroup9
LaTeX Font Info:    Overwriting symbol font `symbolsC' in version `bold'
(Font)                  U/pxsyc/m/n --> U/pxsyc/bx/n on input line 113.
LaTeX Font Info:    Redeclaring symbol font `largesymbols' on input line 120.
LaTeX Font Info:    Overwriting symbol font `largesymbols' in version `normal'
(Font)                  OMX/cmex/m/n --> OMX/pxex/m/n on input line 120.
LaTeX Font Info:    Overwriting symbol font `largesymbols' in version `bold'
(Font)                  OMX/cmex/m/n --> OMX/pxex/m/n on input line 120.
LaTeX Font Info:    Overwriting symbol font `largesymbols' in version `bold'
(Font)                  OMX/pxex/m/n --> OMX/pxex/bx/n on input line 121.
\symlargesymbolsA=\mathgroup10
LaTeX Font Info:    Overwriting symbol font `largesymbolsA' in version `bold'
(Font)                  U/pxexa/m/n --> U/pxexa/bx/n on input line 129.
LaTeX Info: Redefining \not on input line 997.
LaTeX Info: Redefining \textsquare on input line 1017.
LaTeX Info: Redefining \openbox on input line 1018.
)
("C:\Program Files (x86)\MiKTeX 2.9\tex\latex\lineno\lineno.sty"
Package: lineno 2005/11/02 line numbers on paragraphs v4.41
\linenopenalty=\count305
\output=\toks69
\linenoprevgraf=\count306
\linenumbersep=\dimen189
\linenumberwidth=\dimen190
\c@linenumber=\count307
\c@pagewiselinenumber=\count308
\c@LN@truepage=\count309
\c@internallinenumber=\count310
\c@internallinenumbers=\count311
\quotelinenumbersep=\dimen191
\bframerule=\dimen192
\bframesep=\dimen193
\bframebox=\box47
LaTeX Info: Redefining \\ on input line 3056.
)
Package hyperref Info: Option `colorlinks' set `true' on input line 30.
\c@dfn=\count312
\c@theorem=\count313
\c@lem=\count314
\c@cor=\count315
\c@rem=\count316
\c@prop=\count317
\c@prv=\count318

("D:\chezeu article\model à patch\resumevan.aux"

LaTeX Warning: Label `1' multiply defined.

)
LaTeX Font Info:    Checking defaults for OML/pxmi/m/it on input line 92.
LaTeX Font Info:    Try loading font information for OML+pxmi on input line 92.

 ("C:\Program Files (x86)\MiKTeX 2.9\tex\latex\pxfonts\omlpxmi.fd"
File: omlpxmi.fd 2000/12/14 v1.0
)
LaTeX Font Info:    ... okay on input line 92.
LaTeX Font Info:    Checking defaults for T1/cmr/m/n on input line 92.
LaTeX Font Info:    ... okay on input line 92.
LaTeX Font Info:    Checking defaults for OT1/cmr/m/n on input line 92.
LaTeX Font Info:    ... okay on input line 92.
LaTeX Font Info:    Checking defaults for OMS/pxsy/m/n on input line 92.
LaTeX Font Info:    Try loading font information for OMS+pxsy on input line 92.


("C:\Program Files (x86)\MiKTeX 2.9\tex\latex\pxfonts\omspxsy.fd"
File: omspxsy.fd 2000/12/14 v1.0
)
LaTeX Font Info:    ... okay on input line 92.
LaTeX Font Info:    Checking defaults for OMX/pxex/m/n on input line 92.
LaTeX Font Info:    Try loading font information for OMX+pxex on input line 92.


("C:\Program Files (x86)\MiKTeX 2.9\tex\latex\pxfonts\omxpxex.fd"
File: omxpxex.fd 2000/12/14 v1.0
)
LaTeX Font Info:    ... okay on input line 92.
LaTeX Font Info:    Checking defaults for U/pxexa/m/n on input line 92.
LaTeX Font Info:    Try loading font information for U+pxexa on input line 92.

("C:\Program Files (x86)\MiKTeX 2.9\tex\latex\pxfonts\upxexa.fd"
File: upxexa.fd 2000/12/14 v1.0
)
LaTeX Font Info:    ... okay on input line 92.
LaTeX Font Info:    Checking defaults for PD1/pdf/m/n on input line 92.
LaTeX Font Info:    ... okay on input line 92.
LaTeX Font Info:    Try loading font information for T1+pxr on input line 92.

("C:\Program Files (x86)\MiKTeX 2.9\tex\latex\pxfonts\t1pxr.fd"
File: t1pxr.fd 2000/12/14 v1.0
)
("C:\Program Files (x86)\MiKTeX 2.9\tex\latex\beamer\base\translator\dicts\tran
slator-basic-dictionary\translator-basic-dictionary-English.dict"
Dictionary: translator-basic-dictionary, Language: English 
)
("C:\Program Files (x86)\MiKTeX 2.9\tex\context\base\supp-pdf.mkii"
[Loading MPS to PDF converter (version 2006.09.02).]
\scratchcounter=\count319
\scratchdimen=\dimen194
\scratchbox=\box48
\nofMPsegments=\count320
\nofMParguments=\count321
\everyMPshowfont=\toks70
\MPscratchCnt=\count322
\MPscratchDim=\dimen195
\MPnumerator=\count323
\everyMPtoPDFconversion=\toks71
) ABD: EveryShipout initializing macros
\AtBeginShipoutBox=\box49
Package hyperref Info: Link coloring ON on input line 92.

("C:\Program Files (x86)\MiKTeX 2.9\tex\latex\hyperref\nameref.sty"
Package: nameref 2010/04/30 v2.40 Cross-referencing by name of section

("C:\Program Files (x86)\MiKTeX 2.9\tex\generic\oberdiek\gettitlestring.sty"
Package: gettitlestring 2010/12/03 v1.4 Cleanup title references (HO)
)
\c@section@level=\count324
)
LaTeX Info: Redefining \ref on input line 92.
LaTeX Info: Redefining \pageref on input line 92.
LaTeX Info: Redefining \nameref on input line 92.

("D:\chezeu article\model à patch\resumevan.out")
("D:\chezeu article\model à patch\resumevan.out")
\@outlinefile=\write4
\c_siunitx_mathsf_int=\count325
LaTeX Font Info:    Try loading font information for OT1+pxr on input line 92.

("C:\Program Files (x86)\MiKTeX 2.9\tex\latex\pxfonts\ot1pxr.fd"
File: ot1pxr.fd 2000/12/14 v1.0
)
LaTeX Font Info:    Try loading font information for U+pxsya on input line 92.

("C:\Program Files (x86)\MiKTeX 2.9\tex\latex\pxfonts\upxsya.fd"
File: upxsya.fd 2000/12/14 v1.0
)
LaTeX Font Info:    Try loading font information for U+pxsyb on input line 92.

("C:\Program Files (x86)\MiKTeX 2.9\tex\latex\pxfonts\upxsyb.fd"
File: utxsyb.fd 2000/12/14 v1.0
)
LaTeX Font Info:    Try loading font information for U+lasy on input line 92.

("C:\Program Files (x86)\MiKTeX 2.9\tex\latex\base\ulasy.fd"
File: ulasy.fd 1998/08/17 v2.2e LaTeX symbol font definitions
)
LaTeX Font Info:    Try loading font information for U+pxmia on input line 92.

("C:\Program Files (x86)\MiKTeX 2.9\tex\latex\pxfonts\upxmia.fd"
File: upxmia.fd 2000/12/14 v1.0
)
LaTeX Font Info:    Try loading font information for U+pxsyc on input line 92.

("C:\Program Files (x86)\MiKTeX 2.9\tex\latex\pxfonts\upxsyc.fd"
File: upxsyc.fd 2000/12/14 v1.0
)
LaTeX Font Info:    Try loading font information for OT1+pxss on input line 92.


("C:\Program Files (x86)\MiKTeX 2.9\tex\latex\pxfonts\ot1pxss.fd"
File: ot1pxss.fd 2000/12/14 v1.0
)
\c_siunitx_mathtt_int=\count326
LaTeX Font Info:    Try loading font information for OT1+pxtt on input line 92.


("C:\Program Files (x86)\MiKTeX 2.9\tex\latex\pxfonts\ot1pxtt.fd"
File: ot1pxtt.fd 2000/12/14 v1.0
)
Overfull \hbox (26.88449pt too wide) in paragraph at lines 95--95
 [][] 
 []

[1

{C:/ProgramData/MiKTeX/2.9/pdftex/config/pdftex.map}] [2]
LaTeX Font Info:    Try loading font information for OMS+pxr on input line 168.


("C:\Program Files (x86)\MiKTeX 2.9\tex\latex\pxfonts\omspxr.fd"
File: omspxr.fd 2000/12/14 v1.0
)
LaTeX Font Info:    Font shape `OMS/pxr/m/n' in size <12> not available
(Font)              Font shape `OMS/pxsy/m/n' tried instead on input line 168.

Overfull \hbox (20.39008pt too wide) in paragraph at lines 206--207
 [] 
 []


LaTeX Warning: `!h' float specifier changed to `!ht'.

[3] [4]
Underfull \hbox (badness 10000) in paragraph at lines 259--262

 []


Overfull \hbox (13.16846pt too wide) detected at line 276
[][] \OT1/pxr/m/n/12 = \OML/pxmi/m/it/12  [] \OMS/pxsy/m/n/12   \OML/pxmi/m/it/
12 []N[] \OMS/pxsy/m/n/12   \OML/pxmi/m/it/12 d[]I[] \OMS/pxsy/m/n/12   \OML/p
xmi/m/it/12 []J[] \OT1/pxr/m/n/12 + [] \OML/pxmi/m/it/12 m[] [] \OMS/pxsy/m/n/
12   [] [] \OML/pxmi/m/it/12 m[];
 []


LaTeX Warning: `!h' float specifier changed to `!ht'.


Overfull \hbox (13.86653pt too wide) in paragraph at lines 307--334
 [] 
 []


LaTeX Warning: `!h' float specifier changed to `!ht'.

[5] [6]
Overfull \hbox (48.35245pt too wide) in paragraph at lines 356--362
$\OT1/pxr/m/n/12 (\OML/pxmi/m/it/12 A[]\OT1/pxr/m/n/12 ; []  ; \OML/pxmi/m/it/1
2 A[]\OT1/pxr/m/n/12 )[]\OML/pxmi/m/it/12 ; A[] \OT1/pxr/m/n/12 = (\OML/pxmi/m/
it/12 A[]\OT1/pxr/m/n/12 ; []  ; \OML/pxmi/m/it/12 A[]\OT1/pxr/m/n/12 )[]\OML/p
xmi/m/it/12 ; A[] \OT1/pxr/m/n/12 = (\OML/pxmi/m/it/12 A[]\OT1/pxr/m/n/12 ; [] 
 ; \OML/pxmi/m/it/12 A[]\OT1/pxr/m/n/12 )[]\OML/pxmi/m/it/12 ; A[] \OT1/pxr/m/n
/12 = (\OML/pxmi/m/it/12 A[]\OT1/pxr/m/n/12 ; []  ; \OML/pxmi/m/it/12 A[]\OT1/p
xr/m/n/12 )[]\OML/pxmi/m/it/12 ; h \OT1/pxr/m/n/12 = (\OML/pxmi/m/it/12 h[]\OT1
/pxr/m/n/12 ; []  ; \OML/pxmi/m/it/12 h[]\OT1/pxr/m/n/12 )[]\OML/pxmi/m/it/12 ;
 r \OT1/pxr/m/n/12 =$
 []

[7]
Overfull \hbox (1.75577pt too wide) in paragraph at lines 476--478
[]\T1/pxr/m/n/12 then $\OML/pxmi/m/it/12 N[]\OT1/pxr/m/n/12 (\OML/pxmi/m/it/12 
t\OT1/pxr/m/n/12 )$\T1/pxr/m/n/12 , the to-tal pop-u-la-tion in a given patch $
\OML/pxmi/m/it/12 i$\T1/pxr/m/n/12 , is also bounded by $[]\OT1/pxr/m/n/12 ([]\
OML/pxmi/m/it/12 ; H\OT1/pxr/m/n/12 (0))$\T1/pxr/m/n/12 . 
 []

[8] [9] [10]
Overfull \hbox (1.4331pt too wide) detected at line 615
[] [] \OMS/pxsy/m/n/12 j \OML/pxmi/m/it/12 V\OT1/pxr/m/n/12 (\OML/pxmi/m/it/12 
i; j\OT1/pxr/m/n/12 ) \OMS/pxsy/m/n/12 j\OT1/pxr/m/n/12 = \OML/pxmi/m/it/12 []
 \OT1/pxr/m/n/12 + \OML/pxmi/m/it/12 []\OT1/pxr/m/n/12 (1 \OMS/pxsy/m/n/12   \
OML/pxmi/m/it/12 []\OT1/pxr/m/n/12 ) + [] \OML/pxmi/m/it/12 m[] < A[] \OT1/px
r/m/n/12 + [] \OML/pxmi/m/it/12 m[] \OT1/pxr/m/n/12 =\OMS/pxsy/m/n/12 j  \OML/
pxmi/m/it/12 A[] \OMS/pxsy/m/n/12   [] \OML/pxmi/m/it/12 m[] \OMS/pxsy/m/n/12 
j\OT1/pxr/m/n/12 =\OMS/pxsy/m/n/12 j \OML/pxmi/m/it/12 V\OT1/pxr/m/n/12 (\OML/p
xmi/m/it/12 i; i\OT1/pxr/m/n/12 ) \OMS/pxsy/m/n/12 j
 []

[11] [12] [13] [14]
Package atveryend Info: Empty hook `BeforeClearDocument' on input line 833.
 [15

pdfTeX warning (ext4): destination with the same identifier (name{cite.1}) has 
been already used, duplicate ignored

\@EveryShipout@Output ...@Org@Shipout \box \@cclv 
                                                  
l.833 \end{document}
                    ]
Package atveryend Info: Empty hook `AfterLastShipout' on input line 833.
 ("D:\chezeu article\model à patch\resumevan.aux")
Package atveryend Info: Executing hook `AtVeryEndDocument' on input line 833.
Package atveryend Info: Executing hook `AtEndAfterFileList' on input line 833.
Package rerunfilecheck Info: File `resumevan.out' has not changed.
(rerunfilecheck)             Checksum: 8CE5BED74C31F8D2CCE591F780DEF791;761.


LaTeX Warning: There were multiply-defined labels.

Package atveryend Info: Empty hook `AtVeryVeryEnd' on input line 833.
 ) 
Here is how much of TeX's memory you used:
 22372 strings out of 494053
 432330 string characters out of 3146158
 442927 words of memory out of 3000000
 25112 multiletter control sequences out of 15000+200000
 55623 words of font info for 147 fonts, out of 3000000 for 9000
 715 hyphenation exceptions out of 8191
 56i,12n,55p,449b,750s stack positions out of 5000i,500n,10000p,200000b,50000s
{C:/Program Files (x86)/MiKTeX 2.9/fonts/enc/dvips/fontname/8r.enc}<C:/Progra
m Files (x86)/MiKTeX 2.9/fonts/type1/public/pxfonts/pxex.pfb><C:/Program Files 
(x86)/MiKTeX 2.9/fonts/type1/public/pxfonts/pxsy.pfb><C:/Program Files (x86)/Mi
KTeX 2.9/fonts/type1/public/pxfonts/pxsya.pfb><C:/Program Files (x86)/MiKTeX 2.
9/fonts/type1/public/pxfonts/pxsyb.pfb><C:/Program Files (x86)/MiKTeX 2.9/fonts
/type1/public/pxfonts/pxsyc.pfb><C:/Program Files (x86)/MiKTeX 2.9/fonts/type1/
public/pxfonts/rpxmi.pfb><C:/Program Files (x86)/MiKTeX 2.9/fonts/type1/public/
pxfonts/rpxr.pfb><C:/Program Files (x86)/MiKTeX 2.9/fonts/type1/urw/palatino/up
lb8a.pfb><C:/Program Files (x86)/MiKTeX 2.9/fonts/type1/urw/palatino/uplr8a.pfb
><C:/Program Files (x86)/MiKTeX 2.9/fonts/type1/urw/palatino/uplri8a.pfb>
Output written on resumevan.pdf (15 pages, 160911 bytes).
PDF statistics:
 283 PDF objects out of 1000 (max. 8388607)
 90 named destinations out of 1000 (max. 500000)
 101 words of extra memory for PDF output out of 10000 (max. 10000000)

